Arguments: 
  D:\node\node.exe C:\Users\顾梓民\AppData\Roaming\npm\node_modules\yarn\bin\yarn.js add gridsome/cli

PATH: 
  C:\WINDOWS\system32;C:\WINDOWS;C:\WINDOWS\System32\Wbem;C:\WINDOWS\System32\WindowsPowerShell\v1.0\;C:\WINDOWS\System32\OpenSSH\;C:\Windows\System32\WindowsPowerShell\v1.0\;"C:\C:\WINDOWS;C:\WINDOWS\system32;C:\WINDOWS\System32\Wbem;";D:\Git\cmd;D:\node\;C:\Users\顾梓民\AppData\Local\Yarn\bin;C:\Users\顾梓民\AppData\Local\Microsoft\WindowsApps;D:\Microsoft VS Code\bin;C:\Users\顾梓民\AppData\Roaming\npm

Yarn version: 
  1.22.11

Node version: 
  14.16.1

Platform: 
  win32 x64

Trace: 
  Error: connect ETIMEDOUT 52.74.223.119:443
      at TCPConnectWrap.afterConnect [as oncomplete] (net.js:1146:16)

npm manifest: 
  {
    "name": "my-gridsome-site",
    "private": true,
    "scripts": {
      "build": "gridsome build",
      "develop": "gridsome develop",
      "explore": "gridsome explore"
    },
    "dependencies": {
      "axios": "^0.26.1",
      "gridsome": "^0.7.0",
      "markdown-it": "^12.3.2"
    },
    "devDependencies": {
      "@fortawesome/fontawesome-free": "^6.1.1",
      "@gridsome/source-filesystem": "^0.6.2",
      "@gridsome/source-strapi": "^0.2.0",
      "bootstrap": "^5.1.3"
    }
  }

yarn manifest: 
  No manifest

Lockfile: 
  No lockfile
